<?xml version="1.0" encoding="UTF-8"?>
<!-- Generated by org.testng.reporters.JUnitReportReporter -->
<testsuite name="ApartmentFinder.HomePage.HomepageObjectsTest" tests="1" time="8.850" ignored="0" failures="0" timestamp="29 Dec 2016 01:38:12 GMT" skipped="0" hostname="DESKTOP-5AHS53R" errors="0">
  <testcase name="bannerBackgroundTest" time="8.850" classname="ApartmentFinder.HomePage.HomepageObjectsTest"/>
</testsuite> <!-- ApartmentFinder.HomePage.HomepageObjectsTest -->
