<?xml version="1.0" encoding="UTF-8"?>
<!-- Generated by org.testng.reporters.JUnitReportReporter -->
<testsuite name="ApartmentFinder.HomePage.LoginTest" tests="1" time="11.203" ignored="0" failures="0" timestamp="27 Dec 2016 23:53:06 GMT" skipped="0" hostname="DESKTOP-5AHS53R" errors="0">
  <testcase name="loginTest" time="11.203" classname="ApartmentFinder.HomePage.LoginTest"/>
</testsuite> <!-- ApartmentFinder.HomePage.LoginTest -->
