<?xml version="1.0" encoding="UTF-8"?>
<!-- Generated by org.testng.reporters.JUnitReportReporter -->
<testsuite name="ApartmentFinder.HomePage.HomepageObjectsTest1" tests="4" time="32.736" ignored="3" failures="0" timestamp="04 Jan 2017 00:10:21 GMT" skipped="0" hostname="DESKTOP-5AHS53R" errors="0">
  <testcase name="HPTitleTest" time="7.040" classname="ApartmentFinder.HomePage.HomepageObjectsTest1"/>
  <testcase name="HPLinkCountTest" time="9.076" classname="ApartmentFinder.HomePage.HomepageObjectsTest1"/>
  <testcase name="HPSearchBoxValueTest" time="8.908" classname="ApartmentFinder.HomePage.HomepageObjectsTest1"/>
  <testcase name="homePageElementsTest" time="7.712" classname="ApartmentFinder.HomePage.HomepageObjectsTest1"/>
  <testcase name="FPLinkCountTest" classname="ApartmentFinder.MyFavouritesPage.MyFavPageTestWithoutLogin">
    <skipped/>
  </testcase> <!-- FPLinkCountTest -->
  <testcase name="HPBoldFontSizeTest" classname="ApartmentFinder.HomePage.HomepageObjectsTest1">
    <skipped/>
  </testcase> <!-- HPBoldFontSizeTest -->
  <testcase name="HPBannerBackgroundTest" classname="ApartmentFinder.HomePage.HomepageObjectsTest1">
    <skipped/>
  </testcase> <!-- HPBannerBackgroundTest -->
</testsuite> <!-- ApartmentFinder.HomePage.HomepageObjectsTest1 -->
