<?xml version="1.0" encoding="UTF-8"?>
<!-- Generated by org.testng.reporters.JUnitReportReporter -->
<testsuite name="ApartmentFinder.MyFavouritesPage.MyFavPageTestWithoutLogin" tests="4" time="37.956" ignored="3" failures="0" timestamp="04 Jan 2017 00:10:21 GMT" skipped="0" hostname="DESKTOP-5AHS53R" errors="0">
  <testcase name="FPTitleTest" time="8.172" classname="ApartmentFinder.MyFavouritesPage.MyFavPageTestWithoutLogin"/>
  <testcase name="FPCountWithoutLogin" time="10.585" classname="ApartmentFinder.MyFavouritesPage.MyFavPageTestWithoutLogin"/>
  <testcase name="FPLocationLookUpTest" time="8.450" classname="ApartmentFinder.MyFavouritesPage.MyFavPageTestWithoutLogin"/>
  <testcase name="FPObjectsTest" time="10.749" classname="ApartmentFinder.MyFavouritesPage.MyFavPageTestWithoutLogin"/>
  <testcase name="FPLinkCountTest" classname="ApartmentFinder.MyFavouritesPage.MyFavPageTestWithoutLogin">
    <skipped/>
  </testcase> <!-- FPLinkCountTest -->
  <testcase name="HPBoldFontSizeTest" classname="ApartmentFinder.HomePage.HomepageObjectsTest1">
    <skipped/>
  </testcase> <!-- HPBoldFontSizeTest -->
  <testcase name="HPBannerBackgroundTest" classname="ApartmentFinder.HomePage.HomepageObjectsTest1">
    <skipped/>
  </testcase> <!-- HPBannerBackgroundTest -->
</testsuite> <!-- ApartmentFinder.MyFavouritesPage.MyFavPageTestWithoutLogin -->
