<?xml version="1.0" encoding="UTF-8"?>
<!-- Generated by org.testng.reporters.JUnitReportReporter -->
<testsuite name="myFavouritesTesting.MyFavWithoutLoginTest" tests="1" time="8.834" ignored="0" failures="0" timestamp="29 Dec 2016 00:24:50 GMT" skipped="0" hostname="DESKTOP-5AHS53R" errors="0">
  <testcase name="MyFavTest" time="8.834" classname="myFavouritesTesting.MyFavWithoutLoginTest"/>
</testsuite> <!-- myFavouritesTesting.MyFavWithoutLoginTest -->
