<?xml version="1.0" encoding="UTF-8"?>
<!-- Generated by org.testng.reporters.JUnitReportReporter -->
<testsuite name="ApartmentFinder.HomePage.HomepageObjectsTest1" tests="4" time="35.666" ignored="3" failures="0" timestamp="06 Jan 2017 06:15:56 GMT" skipped="0" hostname="DESKTOP-5AHS53R" errors="0">
  <testcase name="HPTitleTest" time="9.080" classname="ApartmentFinder.HomePage.HomepageObjectsTest1"/>
  <testcase name="HPLinkCountTest" time="7.784" classname="ApartmentFinder.HomePage.HomepageObjectsTest1"/>
  <testcase name="HPSearchBoxValueTest" time="8.558" classname="ApartmentFinder.HomePage.HomepageObjectsTest1"/>
  <testcase name="homePageElementsTest" time="10.244" classname="ApartmentFinder.HomePage.HomepageObjectsTest1"/>
  <testcase name="FPLinkCountTest" classname="ApartmentFinder.MyFavouritesPage.MyFavPageTestWithoutLogin">
    <skipped/>
  </testcase> <!-- FPLinkCountTest -->
  <testcase name="HPBoldFontSizeTest" classname="ApartmentFinder.HomePage.HomepageObjectsTest1">
    <skipped/>
  </testcase> <!-- HPBoldFontSizeTest -->
  <testcase name="HPBannerBackgroundTest" classname="ApartmentFinder.HomePage.HomepageObjectsTest1">
    <skipped/>
  </testcase> <!-- HPBannerBackgroundTest -->
</testsuite> <!-- ApartmentFinder.HomePage.HomepageObjectsTest1 -->
