<?xml version="1.0" encoding="UTF-8"?>
<!-- Generated by org.testng.reporters.JUnitReportReporter -->
<testsuite name="ApartmentFinder.HomePage.BasePage" tests="1" time="7.798" ignored="0" failures="0" timestamp="28 Dec 2016 02:07:34 GMT" skipped="0" hostname="DESKTOP-5AHS53R" errors="0">
  <testcase name="homepage" time="7.798" classname="ApartmentFinder.HomePage.BasePage"/>
</testsuite> <!-- ApartmentFinder.HomePage.BasePage -->
