<?xml version="1.0" encoding="UTF-8"?>
<!-- Generated by org.testng.reporters.JUnitReportReporter -->
<testsuite name="ApartmentFinder.SignInPage.SignPageObjectTest" tests="1" time="11.976" ignored="0" failures="0" timestamp="06 Jan 2017 20:58:34 GMT" skipped="0" hostname="DESKTOP-5AHS53R" errors="0">
  <testcase name="objectsTest" time="11.976" classname="ApartmentFinder.SignInPage.SignPageObjectTest"/>
</testsuite> <!-- ApartmentFinder.SignInPage.SignPageObjectTest -->
