<?xml version="1.0" encoding="UTF-8"?>
<!-- Generated by org.testng.reporters.JUnitReportReporter -->
<testsuite name="ApartmentFinder.MyFavouritesPage.MyFavPageTestWithoutLogin" tests="5" time="51.506" ignored="0" failures="0" timestamp="06 Jan 2017 20:27:00 GMT" skipped="0" hostname="DESKTOP-5AHS53R" errors="0">
  <testcase name="FPCountWithoutLogin" time="11.156" classname="ApartmentFinder.MyFavouritesPage.MyFavPageTestWithoutLogin"/>
  <testcase name="FPLocationLookUpTest" time="10.668" classname="ApartmentFinder.MyFavouritesPage.MyFavPageTestWithoutLogin"/>
  <testcase name="FPObjectsTest" time="10.106" classname="ApartmentFinder.MyFavouritesPage.MyFavPageTestWithoutLogin"/>
  <testcase name="FPLinkCountTest" time="9.742" classname="ApartmentFinder.MyFavouritesPage.MyFavPageTestWithoutLogin"/>
  <testcase name="FPTitleTest" time="9.834" classname="ApartmentFinder.MyFavouritesPage.MyFavPageTestWithoutLogin"/>
</testsuite> <!-- ApartmentFinder.MyFavouritesPage.MyFavPageTestWithoutLogin -->
