<?xml version="1.0" encoding="UTF-8"?>
<!-- Generated by org.testng.reporters.JUnitReportReporter -->
<testsuite name="ApartmentFinder.HomePage.HomepageFunctionalityTest" tests="3" time="21.552" ignored="0" failures="0" timestamp="06 Jan 2017 07:15:13 GMT" skipped="0" hostname="DESKTOP-5AHS53R" errors="0">
  <testcase name="priceBoxTest" time="7.298" classname="ApartmentFinder.HomePage.HomepageFunctionalityTest"/>
  <testcase name="bedsTest" time="7.112" classname="ApartmentFinder.HomePage.HomepageFunctionalityTest"/>
  <testcase name="iconTest" time="7.142" classname="ApartmentFinder.HomePage.HomepageFunctionalityTest"/>
</testsuite> <!-- ApartmentFinder.HomePage.HomepageFunctionalityTest -->
